# JRE version: OpenJDK Runtime Environment (8.0_131-b11) (build 1.8.0_131-8u131-b11-2ubuntu1.16.04.3-b11)
# Java VM: OpenJDK 64-Bit Server VM (25.131-b11 mixed mode linux-amd64 compressed oops)
Heap:
 PSYoungGen      total 36864K, used 23116K [0x00000000fab00000, 0x00000000ff300000, 0x0000000100000000)
  eden space 31744K, 72% used [0x00000000fab00000,0x00000000fc193260,0x00000000fca00000)
  from space 5120K, 0% used [0x00000000fca00000,0x00000000fca00000,0x00000000fcf00000)
  to   space 5120K, 0% used [0x00000000fee00000,0x00000000fee00000,0x00000000ff300000)
 ParOldGen       total 51200K, used 6231K [0x00000000f0000000, 0x00000000f3200000, 0x00000000fab00000)
  object space 51200K, 12% used [0x00000000f0000000,0x00000000f0615dd0,0x00000000f3200000)
 Metaspace       used 28361K, capacity 28607K, committed 29056K, reserved 1075200K
  class space    used 3309K, capacity 3377K, committed 3456K, reserved 1048576K
GC Heap History (8 events):
Event: 1.047 GC heap before
{Heap before GC invocations=1 (full 0):
 PSYoungGen      total 36864K, used 31744K [0x00000000fab00000, 0x00000000fd400000, 0x0000000100000000)
  eden space 31744K, 100% used [0x00000000fab00000,0x00000000fca00000,0x00000000fca00000)
  from space 5120K, 0% used [0x00000000fcf00000,0x00000000fcf00000,0x00000000fd400000)
  to   space 5120K, 0% used [0x00000000fca00000,0x00000000fca00000,0x00000000fcf00000)
 ParOldGen       total 84992K, used 0K [0x00000000f0000000, 0x00000000f5300000, 0x00000000fab00000)
  object space 84992K, 0% used [0x00000000f0000000,0x00000000f0000000,0x00000000f5300000)
 Metaspace       used 16180K, capacity 16317K, committed 16640K, reserved 1064960K
  class space    used 1660K, capacity 1727K, committed 1792K, reserved 1048576K
Event: 1.055 GC heap after
Heap after GC invocations=1 (full 0):
 PSYoungGen      total 36864K, used 5108K [0x00000000fab00000, 0x00000000fd400000, 0x0000000100000000)
  eden space 31744K, 0% used [0x00000000fab00000,0x00000000fab00000,0x00000000fca00000)
  from space 5120K, 99% used [0x00000000fca00000,0x00000000fcefd120,0x00000000fcf00000)
  to   space 5120K, 0% used [0x00000000fcf00000,0x00000000fcf00000,0x00000000fd400000)
 ParOldGen       total 84992K, used 2259K [0x00000000f0000000, 0x00000000f5300000, 0x00000000fab00000)
  object space 84992K, 2% used [0x00000000f0000000,0x00000000f0234d58,0x00000000f5300000)
 Metaspace       used 16180K, capacity 16317K, committed 16640K, reserved 1064960K
  class space    used 1660K, capacity 1727K, committed 1792K, reserved 1048576K
}
Event: 1.556 GC heap before
{Heap before GC invocations=2 (full 0):
 PSYoungGen      total 36864K, used 36852K [0x00000000fab00000, 0x00000000fd400000, 0x0000000100000000)
  eden space 31744K, 100% used [0x00000000fab00000,0x00000000fca00000,0x00000000fca00000)
  from space 5120K, 99% used [0x00000000fca00000,0x00000000fcefd120,0x00000000fcf00000)
  to   space 5120K, 0% used [0x00000000fcf00000,0x00000000fcf00000,0x00000000fd400000)
 ParOldGen       total 84992K, used 2259K [0x00000000f0000000, 0x00000000f5300000, 0x00000000fab00000)
  object space 84992K, 2% used [0x00000000f0000000,0x00000000f0234d58,0x00000000f5300000)
 Metaspace       used 20115K, capacity 20309K, committed 20608K, reserved 1067008K
  class space    used 2234K, capacity 2310K, committed 2432K, reserved 1048576K
Event: 1.567 GC heap after
Heap after GC invocations=2 (full 0):
 PSYoungGen      total 36864K, used 5105K [0x00000000fab00000, 0x00000000ff300000, 0x0000000100000000)
  eden space 31744K, 0% used [0x00000000fab00000,0x00000000fab00000,0x00000000fca00000)
  from space 5120K, 99% used [0x00000000fcf00000,0x00000000fd3fc740,0x00000000fd400000)
  to   space 5120K, 0% used [0x00000000fca00000,0x00000000fca00000,0x00000000fcf00000)
 ParOldGen       total 84992K, used 3903K [0x00000000f0000000, 0x00000000f5300000, 0x00000000fab00000)
  object space 84992K, 4% used [0x00000000f0000000,0x00000000f03cfd10,0x00000000f5300000)
 Metaspace       used 20115K, capacity 20309K, committed 20608K, reserved 1067008K
  class space    used 2234K, capacity 2310K, committed 2432K, reserved 1048576K
}
Event: 1.626 GC heap before
{Heap before GC invocations=3 (full 0):
 PSYoungGen      total 36864K, used 8207K [0x00000000fab00000, 0x00000000ff300000, 0x0000000100000000)
  eden space 31744K, 9% used [0x00000000fab00000,0x00000000fae07628,0x00000000fca00000)
  from space 5120K, 99% used [0x00000000fcf00000,0x00000000fd3fc740,0x00000000fd400000)
  to   space 5120K, 0% used [0x00000000fca00000,0x00000000fca00000,0x00000000fcf00000)
 ParOldGen       total 84992K, used 3903K [0x00000000f0000000, 0x00000000f5300000, 0x00000000fab00000)
  object space 84992K, 4% used [0x00000000f0000000,0x00000000f03cfd10,0x00000000f5300000)
 Metaspace       used 20897K, capacity 21021K, committed 21248K, reserved 1069056K
  class space    used 2376K, capacity 2438K, committed 2560K, reserved 1048576K
Event: 1.637 GC heap after
Heap after GC invocations=3 (full 0):
 PSYoungGen      total 36864K, used 5089K [0x00000000fab00000, 0x00000000ff300000, 0x0000000100000000)
  eden space 31744K, 0% used [0x00000000fab00000,0x00000000fab00000,0x00000000fca00000)
  from space 5120K, 99% used [0x00000000fca00000,0x00000000fcef8750,0x00000000fcf00000)
  to   space 5120K, 0% used [0x00000000fee00000,0x00000000fee00000,0x00000000ff300000)
 ParOldGen       total 84992K, used 4229K [0x00000000f0000000, 0x00000000f5300000, 0x00000000fab00000)
  object space 84992K, 4% used [0x00000000f0000000,0x00000000f0421638,0x00000000f5300000)
 Metaspace       used 20897K, capacity 21021K, committed 21248K, reserved 1069056K
  class space    used 2376K, capacity 2438K, committed 2560K, reserved 1048576K
}
Event: 1.637 GC heap before
{Heap before GC invocations=4 (full 1):
 PSYoungGen      total 36864K, used 5089K [0x00000000fab00000, 0x00000000ff300000, 0x0000000100000000)
  eden space 31744K, 0% used [0x00000000fab00000,0x00000000fab00000,0x00000000fca00000)
  from space 5120K, 99% used [0x00000000fca00000,0x00000000fcef8750,0x00000000fcf00000)
  to   space 5120K, 0% used [0x00000000fee00000,0x00000000fee00000,0x00000000ff300000)
 ParOldGen       total 84992K, used 4229K [0x00000000f0000000, 0x00000000f5300000, 0x00000000fab00000)
  object space 84992K, 4% used [0x00000000f0000000,0x00000000f0421638,0x00000000f5300000)
 Metaspace       used 20897K, capacity 21021K, committed 21248K, reserved 1069056K
  class space    used 2376K, capacity 2438K, committed 2560K, reserved 1048576K
Event: 1.683 GC heap after
Heap after GC invocations=4 (full 1):
 PSYoungGen      total 36864K, used 0K [0x00000000fab00000, 0x00000000ff300000, 0x0000000100000000)
  eden space 31744K, 0% used [0x00000000fab00000,0x00000000fab00000,0x00000000fca00000)
  from space 5120K, 0% used [0x00000000fca00000,0x00000000fca00000,0x00000000fcf00000)
  to   space 5120K, 0% used [0x00000000fee00000,0x00000000fee00000,0x00000000ff300000)
 ParOldGen       total 51200K, used 6231K [0x00000000f0000000, 0x00000000f3200000, 0x00000000fab00000)
  object space 51200K, 12% used [0x00000000f0000000,0x00000000f0615dd0,0x00000000f3200000)
 Metaspace       used 20897K, capacity 21021K, committed 21248K, reserved 1069056K
  class space    used 2376K, capacity 2438K, committed 2560K, reserved 1048576K
}

