# JRE version: OpenJDK Runtime Environment (8.0_131-b11) (build 1.8.0_131-8u131-b11-2ubuntu1.16.04.3-b11)
# Java VM: OpenJDK 64-Bit Server VM (25.131-b11 mixed mode linux-amd64 compressed oops)
Heap:
 PSYoungGen      total 36864K, used 23789K [0x00000000fab00000, 0x00000000ff300000, 0x0000000100000000)
  eden space 31744K, 74% used [0x00000000fab00000,0x00000000fc23b5d0,0x00000000fca00000)
  from space 5120K, 0% used [0x00000000fca00000,0x00000000fca00000,0x00000000fcf00000)
  to   space 5120K, 0% used [0x00000000fee00000,0x00000000fee00000,0x00000000ff300000)
 ParOldGen       total 52736K, used 6171K [0x00000000f0000000, 0x00000000f3380000, 0x00000000fab00000)
  object space 52736K, 11% used [0x00000000f0000000,0x00000000f0606c28,0x00000000f3380000)
 Metaspace       used 28392K, capacity 28613K, committed 29056K, reserved 1075200K
  class space    used 3310K, capacity 3378K, committed 3456K, reserved 1048576K
GC Heap History (8 events):
Event: 1.047 GC heap before
{Heap before GC invocations=1 (full 0):
 PSYoungGen      total 36864K, used 31744K [0x00000000fab00000, 0x00000000fd400000, 0x0000000100000000)
  eden space 31744K, 100% used [0x00000000fab00000,0x00000000fca00000,0x00000000fca00000)
  from space 5120K, 0% used [0x00000000fcf00000,0x00000000fcf00000,0x00000000fd400000)
  to   space 5120K, 0% used [0x00000000fca00000,0x00000000fca00000,0x00000000fcf00000)
 ParOldGen       total 84992K, used 0K [0x00000000f0000000, 0x00000000f5300000, 0x00000000fab00000)
  object space 84992K, 0% used [0x00000000f0000000,0x00000000f0000000,0x00000000f5300000)
 Metaspace       used 16191K, capacity 16317K, committed 16640K, reserved 1064960K
  class space    used 1659K, capacity 1727K, committed 1792K, reserved 1048576K
Event: 1.055 GC heap after
Heap after GC invocations=1 (full 0):
 PSYoungGen      total 36864K, used 5092K [0x00000000fab00000, 0x00000000fd400000, 0x0000000100000000)
  eden space 31744K, 0% used [0x00000000fab00000,0x00000000fab00000,0x00000000fca00000)
  from space 5120K, 99% used [0x00000000fca00000,0x00000000fcef9130,0x00000000fcf00000)
  to   space 5120K, 0% used [0x00000000fcf00000,0x00000000fcf00000,0x00000000fd400000)
 ParOldGen       total 84992K, used 2289K [0x00000000f0000000, 0x00000000f5300000, 0x00000000fab00000)
  object space 84992K, 2% used [0x00000000f0000000,0x00000000f023c5c0,0x00000000f5300000)
 Metaspace       used 16191K, capacity 16317K, committed 16640K, reserved 1064960K
  class space    used 1659K, capacity 1727K, committed 1792K, reserved 1048576K
}
Event: 1.564 GC heap before
{Heap before GC invocations=2 (full 0):
 PSYoungGen      total 36864K, used 36836K [0x00000000fab00000, 0x00000000fd400000, 0x0000000100000000)
  eden space 31744K, 100% used [0x00000000fab00000,0x00000000fca00000,0x00000000fca00000)
  from space 5120K, 99% used [0x00000000fca00000,0x00000000fcef9130,0x00000000fcf00000)
  to   space 5120K, 0% used [0x00000000fcf00000,0x00000000fcf00000,0x00000000fd400000)
 ParOldGen       total 84992K, used 2289K [0x00000000f0000000, 0x00000000f5300000, 0x00000000fab00000)
  object space 84992K, 2% used [0x00000000f0000000,0x00000000f023c5c0,0x00000000f5300000)
 Metaspace       used 20229K, capacity 20405K, committed 20608K, reserved 1067008K
  class space    used 2258K, capacity 2342K, committed 2432K, reserved 1048576K
Event: 1.572 GC heap after
Heap after GC invocations=2 (full 0):
 PSYoungGen      total 36864K, used 5088K [0x00000000fab00000, 0x00000000ff300000, 0x0000000100000000)
  eden space 31744K, 0% used [0x00000000fab00000,0x00000000fab00000,0x00000000fca00000)
  from space 5120K, 99% used [0x00000000fcf00000,0x00000000fd3f8030,0x00000000fd400000)
  to   space 5120K, 0% used [0x00000000fca00000,0x00000000fca00000,0x00000000fcf00000)
 ParOldGen       total 84992K, used 4036K [0x00000000f0000000, 0x00000000f5300000, 0x00000000fab00000)
  object space 84992K, 4% used [0x00000000f0000000,0x00000000f03f12a8,0x00000000f5300000)
 Metaspace       used 20229K, capacity 20405K, committed 20608K, reserved 1067008K
  class space    used 2258K, capacity 2342K, committed 2432K, reserved 1048576K
}
Event: 1.630 GC heap before
{Heap before GC invocations=3 (full 0):
 PSYoungGen      total 36864K, used 7452K [0x00000000fab00000, 0x00000000ff300000, 0x0000000100000000)
  eden space 31744K, 7% used [0x00000000fab00000,0x00000000fad4f348,0x00000000fca00000)
  from space 5120K, 99% used [0x00000000fcf00000,0x00000000fd3f8030,0x00000000fd400000)
  to   space 5120K, 0% used [0x00000000fca00000,0x00000000fca00000,0x00000000fcf00000)
 ParOldGen       total 84992K, used 4036K [0x00000000f0000000, 0x00000000f5300000, 0x00000000fab00000)
  object space 84992K, 4% used [0x00000000f0000000,0x00000000f03f12a8,0x00000000f5300000)
 Metaspace       used 20893K, capacity 21021K, committed 21248K, reserved 1069056K
  class space    used 2376K, capacity 2438K, committed 2560K, reserved 1048576K
Event: 1.642 GC heap after
Heap after GC invocations=3 (full 0):
 PSYoungGen      total 36864K, used 5104K [0x00000000fab00000, 0x00000000ff300000, 0x0000000100000000)
  eden space 31744K, 0% used [0x00000000fab00000,0x00000000fab00000,0x00000000fca00000)
  from space 5120K, 99% used [0x00000000fca00000,0x00000000fcefc020,0x00000000fcf00000)
  to   space 5120K, 0% used [0x00000000fee00000,0x00000000fee00000,0x00000000ff300000)
 ParOldGen       total 84992K, used 4235K [0x00000000f0000000, 0x00000000f5300000, 0x00000000fab00000)
  object space 84992K, 4% used [0x00000000f0000000,0x00000000f0422c90,0x00000000f5300000)
 Metaspace       used 20893K, capacity 21021K, committed 21248K, reserved 1069056K
  class space    used 2376K, capacity 2438K, committed 2560K, reserved 1048576K
}
Event: 1.642 GC heap before
{Heap before GC invocations=4 (full 1):
 PSYoungGen      total 36864K, used 5104K [0x00000000fab00000, 0x00000000ff300000, 0x0000000100000000)
  eden space 31744K, 0% used [0x00000000fab00000,0x00000000fab00000,0x00000000fca00000)
  from space 5120K, 99% used [0x00000000fca00000,0x00000000fcefc020,0x00000000fcf00000)
  to   space 5120K, 0% used [0x00000000fee00000,0x00000000fee00000,0x00000000ff300000)
 ParOldGen       total 84992K, used 4235K [0x00000000f0000000, 0x00000000f5300000, 0x00000000fab00000)
  object space 84992K, 4% used [0x00000000f0000000,0x00000000f0422c90,0x00000000f5300000)
 Metaspace       used 20893K, capacity 21021K, committed 21248K, reserved 1069056K
  class space    used 2376K, capacity 2438K, committed 2560K, reserved 1048576K
Event: 1.702 GC heap after
Heap after GC invocations=4 (full 1):
 PSYoungGen      total 36864K, used 0K [0x00000000fab00000, 0x00000000ff300000, 0x0000000100000000)
  eden space 31744K, 0% used [0x00000000fab00000,0x00000000fab00000,0x00000000fca00000)
  from space 5120K, 0% used [0x00000000fca00000,0x00000000fca00000,0x00000000fcf00000)
  to   space 5120K, 0% used [0x00000000fee00000,0x00000000fee00000,0x00000000ff300000)
 ParOldGen       total 52736K, used 6171K [0x00000000f0000000, 0x00000000f3380000, 0x00000000fab00000)
  object space 52736K, 11% used [0x00000000f0000000,0x00000000f0606c28,0x00000000f3380000)
 Metaspace       used 20893K, capacity 21021K, committed 21248K, reserved 1069056K
  class space    used 2376K, capacity 2438K, committed 2560K, reserved 1048576K
}

