# JRE version: OpenJDK Runtime Environment (8.0_131-b11) (build 1.8.0_131-8u131-b11-2ubuntu1.16.04.3-b11)
# Java VM: OpenJDK 64-Bit Server VM (25.131-b11 mixed mode linux-amd64 compressed oops)
Heap:
 PSYoungGen      total 36864K, used 22792K [0x00000000fab00000, 0x00000000ff300000, 0x0000000100000000)
  eden space 31744K, 71% used [0x00000000fab00000,0x00000000fc142120,0x00000000fca00000)
  from space 5120K, 0% used [0x00000000fca00000,0x00000000fca00000,0x00000000fcf00000)
  to   space 5120K, 0% used [0x00000000fee00000,0x00000000fee00000,0x00000000ff300000)
 ParOldGen       total 51712K, used 6153K [0x00000000f0000000, 0x00000000f3280000, 0x00000000fab00000)
  object space 51712K, 11% used [0x00000000f0000000,0x00000000f06025e0,0x00000000f3280000)
 Metaspace       used 28237K, capacity 28479K, committed 28800K, reserved 1075200K
  class space    used 3297K, capacity 3377K, committed 3456K, reserved 1048576K
GC Heap History (8 events):
Event: 1.025 GC heap before
{Heap before GC invocations=1 (full 0):
 PSYoungGen      total 36864K, used 31744K [0x00000000fab00000, 0x00000000fd400000, 0x0000000100000000)
  eden space 31744K, 100% used [0x00000000fab00000,0x00000000fca00000,0x00000000fca00000)
  from space 5120K, 0% used [0x00000000fcf00000,0x00000000fcf00000,0x00000000fd400000)
  to   space 5120K, 0% used [0x00000000fca00000,0x00000000fca00000,0x00000000fcf00000)
 ParOldGen       total 84992K, used 0K [0x00000000f0000000, 0x00000000f5300000, 0x00000000fab00000)
  object space 84992K, 0% used [0x00000000f0000000,0x00000000f0000000,0x00000000f5300000)
 Metaspace       used 16167K, capacity 16317K, committed 16640K, reserved 1064960K
  class space    used 1656K, capacity 1727K, committed 1792K, reserved 1048576K
Event: 1.034 GC heap after
Heap after GC invocations=1 (full 0):
 PSYoungGen      total 36864K, used 5108K [0x00000000fab00000, 0x00000000fd400000, 0x0000000100000000)
  eden space 31744K, 0% used [0x00000000fab00000,0x00000000fab00000,0x00000000fca00000)
  from space 5120K, 99% used [0x00000000fca00000,0x00000000fcefd120,0x00000000fcf00000)
  to   space 5120K, 0% used [0x00000000fcf00000,0x00000000fcf00000,0x00000000fd400000)
 ParOldGen       total 84992K, used 2289K [0x00000000f0000000, 0x00000000f5300000, 0x00000000fab00000)
  object space 84992K, 2% used [0x00000000f0000000,0x00000000f023c5c0,0x00000000f5300000)
 Metaspace       used 16167K, capacity 16317K, committed 16640K, reserved 1064960K
  class space    used 1656K, capacity 1727K, committed 1792K, reserved 1048576K
}
Event: 1.520 GC heap before
{Heap before GC invocations=2 (full 0):
 PSYoungGen      total 36864K, used 36852K [0x00000000fab00000, 0x00000000fd400000, 0x0000000100000000)
  eden space 31744K, 100% used [0x00000000fab00000,0x00000000fca00000,0x00000000fca00000)
  from space 5120K, 99% used [0x00000000fca00000,0x00000000fcefd120,0x00000000fcf00000)
  to   space 5120K, 0% used [0x00000000fcf00000,0x00000000fcf00000,0x00000000fd400000)
 ParOldGen       total 84992K, used 2289K [0x00000000f0000000, 0x00000000f5300000, 0x00000000fab00000)
  object space 84992K, 2% used [0x00000000f0000000,0x00000000f023c5c0,0x00000000f5300000)
 Metaspace       used 20281K, capacity 20469K, committed 20864K, reserved 1067008K
  class space    used 2276K, capacity 2342K, committed 2432K, reserved 1048576K
Event: 1.530 GC heap after
Heap after GC invocations=2 (full 0):
 PSYoungGen      total 36864K, used 5089K [0x00000000fab00000, 0x00000000ff300000, 0x0000000100000000)
  eden space 31744K, 0% used [0x00000000fab00000,0x00000000fab00000,0x00000000fca00000)
  from space 5120K, 99% used [0x00000000fcf00000,0x00000000fd3f8750,0x00000000fd400000)
  to   space 5120K, 0% used [0x00000000fca00000,0x00000000fca00000,0x00000000fcf00000)
 ParOldGen       total 84992K, used 4052K [0x00000000f0000000, 0x00000000f5300000, 0x00000000fab00000)
  object space 84992K, 4% used [0x00000000f0000000,0x00000000f03f5170,0x00000000f5300000)
 Metaspace       used 20281K, capacity 20469K, committed 20864K, reserved 1067008K
  class space    used 2276K, capacity 2342K, committed 2432K, reserved 1048576K
}
Event: 1.590 GC heap before
{Heap before GC invocations=3 (full 0):
 PSYoungGen      total 36864K, used 7483K [0x00000000fab00000, 0x00000000ff300000, 0x0000000100000000)
  eden space 31744K, 7% used [0x00000000fab00000,0x00000000fad56580,0x00000000fca00000)
  from space 5120K, 99% used [0x00000000fcf00000,0x00000000fd3f8750,0x00000000fd400000)
  to   space 5120K, 0% used [0x00000000fca00000,0x00000000fca00000,0x00000000fcf00000)
 ParOldGen       total 84992K, used 4052K [0x00000000f0000000, 0x00000000f5300000, 0x00000000fab00000)
  object space 84992K, 4% used [0x00000000f0000000,0x00000000f03f5170,0x00000000f5300000)
 Metaspace       used 20893K, capacity 21021K, committed 21248K, reserved 1069056K
  class space    used 2376K, capacity 2438K, committed 2560K, reserved 1048576K
Event: 1.601 GC heap after
Heap after GC invocations=3 (full 0):
 PSYoungGen      total 36864K, used 5105K [0x00000000fab00000, 0x00000000ff300000, 0x0000000100000000)
  eden space 31744K, 0% used [0x00000000fab00000,0x00000000fab00000,0x00000000fca00000)
  from space 5120K, 99% used [0x00000000fca00000,0x00000000fcefc760,0x00000000fcf00000)
  to   space 5120K, 0% used [0x00000000fee00000,0x00000000fee00000,0x00000000ff300000)
 ParOldGen       total 84992K, used 4210K [0x00000000f0000000, 0x00000000f5300000, 0x00000000fab00000)
  object space 84992K, 4% used [0x00000000f0000000,0x00000000f041cb58,0x00000000f5300000)
 Metaspace       used 20893K, capacity 21021K, committed 21248K, reserved 1069056K
  class space    used 2376K, capacity 2438K, committed 2560K, reserved 1048576K
}
Event: 1.601 GC heap before
{Heap before GC invocations=4 (full 1):
 PSYoungGen      total 36864K, used 5105K [0x00000000fab00000, 0x00000000ff300000, 0x0000000100000000)
  eden space 31744K, 0% used [0x00000000fab00000,0x00000000fab00000,0x00000000fca00000)
  from space 5120K, 99% used [0x00000000fca00000,0x00000000fcefc760,0x00000000fcf00000)
  to   space 5120K, 0% used [0x00000000fee00000,0x00000000fee00000,0x00000000ff300000)
 ParOldGen       total 84992K, used 4210K [0x00000000f0000000, 0x00000000f5300000, 0x00000000fab00000)
  object space 84992K, 4% used [0x00000000f0000000,0x00000000f041cb58,0x00000000f5300000)
 Metaspace       used 20893K, capacity 21021K, committed 21248K, reserved 1069056K
  class space    used 2376K, capacity 2438K, committed 2560K, reserved 1048576K
Event: 1.651 GC heap after
Heap after GC invocations=4 (full 1):
 PSYoungGen      total 36864K, used 0K [0x00000000fab00000, 0x00000000ff300000, 0x0000000100000000)
  eden space 31744K, 0% used [0x00000000fab00000,0x00000000fab00000,0x00000000fca00000)
  from space 5120K, 0% used [0x00000000fca00000,0x00000000fca00000,0x00000000fcf00000)
  to   space 5120K, 0% used [0x00000000fee00000,0x00000000fee00000,0x00000000ff300000)
 ParOldGen       total 51712K, used 6153K [0x00000000f0000000, 0x00000000f3280000, 0x00000000fab00000)
  object space 51712K, 11% used [0x00000000f0000000,0x00000000f06025e0,0x00000000f3280000)
 Metaspace       used 20893K, capacity 21021K, committed 21248K, reserved 1069056K
  class space    used 2376K, capacity 2438K, committed 2560K, reserved 1048576K
}

