# JRE version: OpenJDK Runtime Environment (8.0_171-b11) (build 1.8.0_171-8u171-b11-0ubuntu0.16.04.1-b11)
# Java VM: OpenJDK 64-Bit Server VM (25.171-b11 mixed mode linux-amd64 compressed oops)
Heap:
 PSYoungGen      total 67584K, used 28832K [0x00000000fab00000, 0x0000000100000000, 0x0000000100000000)
  eden space 62464K, 46% used [0x00000000fab00000,0x00000000fc7281a0,0x00000000fe800000)
  from space 5120K, 0% used [0x00000000fe800000,0x00000000fe800000,0x00000000fed00000)
  to   space 5120K, 0% used [0x00000000ffb00000,0x00000000ffb00000,0x0000000100000000)
 ParOldGen       total 56832K, used 6721K [0x00000000f0000000, 0x00000000f3780000, 0x00000000fab00000)
  object space 56832K, 11% used [0x00000000f0000000,0x00000000f0690550,0x00000000f3780000)
 Metaspace       used 28689K, capacity 28941K, committed 29312K, reserved 1075200K
  class space    used 3335K, capacity 3428K, committed 3456K, reserved 1048576K
GC Heap History (8 events):
Event: 0.830 GC heap before
{Heap before GC invocations=1 (full 0):
 PSYoungGen      total 36352K, used 31232K [0x00000000fab00000, 0x00000000fd380000, 0x0000000100000000)
  eden space 31232K, 100% used [0x00000000fab00000,0x00000000fc980000,0x00000000fc980000)
  from space 5120K, 0% used [0x00000000fce80000,0x00000000fce80000,0x00000000fd380000)
  to   space 5120K, 0% used [0x00000000fc980000,0x00000000fc980000,0x00000000fce80000)
 ParOldGen       total 83456K, used 0K [0x00000000f0000000, 0x00000000f5180000, 0x00000000fab00000)
  object space 83456K, 0% used [0x00000000f0000000,0x00000000f0000000,0x00000000f5180000)
 Metaspace       used 16144K, capacity 16319K, committed 16640K, reserved 1064960K
  class space    used 1648K, capacity 1728K, committed 1792K, reserved 1048576K
Event: 0.840 GC heap after
Heap after GC invocations=1 (full 0):
 PSYoungGen      total 36352K, used 5107K [0x00000000fab00000, 0x00000000ff200000, 0x0000000100000000)
  eden space 31232K, 0% used [0x00000000fab00000,0x00000000fab00000,0x00000000fc980000)
  from space 5120K, 99% used [0x00000000fc980000,0x00000000fce7cdf8,0x00000000fce80000)
  to   space 5120K, 0% used [0x00000000fed00000,0x00000000fed00000,0x00000000ff200000)
 ParOldGen       total 83456K, used 2211K [0x00000000f0000000, 0x00000000f5180000, 0x00000000fab00000)
  object space 83456K, 2% used [0x00000000f0000000,0x00000000f0228db8,0x00000000f5180000)
 Metaspace       used 16144K, capacity 16319K, committed 16640K, reserved 1064960K
  class space    used 1648K, capacity 1728K, committed 1792K, reserved 1048576K
}
Event: 1.161 GC heap before
{Heap before GC invocations=2 (full 0):
 PSYoungGen      total 36352K, used 36339K [0x00000000fab00000, 0x00000000ff200000, 0x0000000100000000)
  eden space 31232K, 100% used [0x00000000fab00000,0x00000000fc980000,0x00000000fc980000)
  from space 5120K, 99% used [0x00000000fc980000,0x00000000fce7cdf8,0x00000000fce80000)
  to   space 5120K, 0% used [0x00000000fed00000,0x00000000fed00000,0x00000000ff200000)
 ParOldGen       total 83456K, used 2211K [0x00000000f0000000, 0x00000000f5180000, 0x00000000fab00000)
  object space 83456K, 2% used [0x00000000f0000000,0x00000000f0228db8,0x00000000f5180000)
 Metaspace       used 17110K, capacity 17291K, committed 17536K, reserved 1064960K
  class space    used 1779K, capacity 1860K, committed 1920K, reserved 1048576K
Event: 1.169 GC heap after
Heap after GC invocations=2 (full 0):
 PSYoungGen      total 67584K, used 5088K [0x00000000fab00000, 0x00000000ff200000, 0x0000000100000000)
  eden space 62464K, 0% used [0x00000000fab00000,0x00000000fab00000,0x00000000fe800000)
  from space 5120K, 99% used [0x00000000fed00000,0x00000000ff1f8010,0x00000000ff200000)
  to   space 5120K, 0% used [0x00000000fe800000,0x00000000fe800000,0x00000000fed00000)
 ParOldGen       total 83456K, used 2682K [0x00000000f0000000, 0x00000000f5180000, 0x00000000fab00000)
  object space 83456K, 3% used [0x00000000f0000000,0x00000000f029e900,0x00000000f5180000)
 Metaspace       used 17110K, capacity 17291K, committed 17536K, reserved 1064960K
  class space    used 1779K, capacity 1860K, committed 1920K, reserved 1048576K
}
Event: 1.344 GC heap before
{Heap before GC invocations=3 (full 0):
 PSYoungGen      total 67584K, used 15035K [0x00000000fab00000, 0x00000000ff200000, 0x0000000100000000)
  eden space 62464K, 15% used [0x00000000fab00000,0x00000000fb4b6e80,0x00000000fe800000)
  from space 5120K, 99% used [0x00000000fed00000,0x00000000ff1f8010,0x00000000ff200000)
  to   space 5120K, 0% used [0x00000000fe800000,0x00000000fe800000,0x00000000fed00000)
 ParOldGen       total 83456K, used 2682K [0x00000000f0000000, 0x00000000f5180000, 0x00000000fab00000)
  object space 83456K, 3% used [0x00000000f0000000,0x00000000f029e900,0x00000000f5180000)
 Metaspace       used 20898K, capacity 21023K, committed 21248K, reserved 1069056K
  class space    used 2376K, capacity 2439K, committed 2560K, reserved 1048576K
Event: 1.352 GC heap after
Heap after GC invocations=3 (full 0):
 PSYoungGen      total 67584K, used 5105K [0x00000000fab00000, 0x0000000100000000, 0x0000000100000000)
  eden space 62464K, 0% used [0x00000000fab00000,0x00000000fab00000,0x00000000fe800000)
  from space 5120K, 99% used [0x00000000fe800000,0x00000000fecfc780,0x00000000fed00000)
  to   space 5120K, 0% used [0x00000000ffb00000,0x00000000ffb00000,0x0000000100000000)
 ParOldGen       total 83456K, used 4164K [0x00000000f0000000, 0x00000000f5180000, 0x00000000fab00000)
  object space 83456K, 4% used [0x00000000f0000000,0x00000000f04111a0,0x00000000f5180000)
 Metaspace       used 20898K, capacity 21023K, committed 21248K, reserved 1069056K
  class space    used 2376K, capacity 2439K, committed 2560K, reserved 1048576K
}
Event: 1.352 GC heap before
{Heap before GC invocations=4 (full 1):
 PSYoungGen      total 67584K, used 5105K [0x00000000fab00000, 0x0000000100000000, 0x0000000100000000)
  eden space 62464K, 0% used [0x00000000fab00000,0x00000000fab00000,0x00000000fe800000)
  from space 5120K, 99% used [0x00000000fe800000,0x00000000fecfc780,0x00000000fed00000)
  to   space 5120K, 0% used [0x00000000ffb00000,0x00000000ffb00000,0x0000000100000000)
 ParOldGen       total 83456K, used 4164K [0x00000000f0000000, 0x00000000f5180000, 0x00000000fab00000)
  object space 83456K, 4% used [0x00000000f0000000,0x00000000f04111a0,0x00000000f5180000)
 Metaspace       used 20898K, capacity 21023K, committed 21248K, reserved 1069056K
  class space    used 2376K, capacity 2439K, committed 2560K, reserved 1048576K
Event: 1.390 GC heap after
Heap after GC invocations=4 (full 1):
 PSYoungGen      total 67584K, used 0K [0x00000000fab00000, 0x0000000100000000, 0x0000000100000000)
  eden space 62464K, 0% used [0x00000000fab00000,0x00000000fab00000,0x00000000fe800000)
  from space 5120K, 0% used [0x00000000fe800000,0x00000000fe800000,0x00000000fed00000)
  to   space 5120K, 0% used [0x00000000ffb00000,0x00000000ffb00000,0x0000000100000000)
 ParOldGen       total 56832K, used 6721K [0x00000000f0000000, 0x00000000f3780000, 0x00000000fab00000)
  object space 56832K, 11% used [0x00000000f0000000,0x00000000f0690550,0x00000000f3780000)
 Metaspace       used 20898K, capacity 21023K, committed 21248K, reserved 1069056K
  class space    used 2376K, capacity 2439K, committed 2560K, reserved 1048576K
}

