# JRE version: OpenJDK Runtime Environment (8.0_131-b11) (build 1.8.0_131-8u131-b11-2ubuntu1.16.04.3-b11)
# Java VM: OpenJDK 64-Bit Server VM (25.131-b11 mixed mode linux-amd64 compressed oops)
Heap:
 PSYoungGen      total 36864K, used 23950K [0x00000000fab00000, 0x00000000ff300000, 0x0000000100000000)
  eden space 31744K, 75% used [0x00000000fab00000,0x00000000fc263a40,0x00000000fca00000)
  from space 5120K, 0% used [0x00000000fca00000,0x00000000fca00000,0x00000000fcf00000)
  to   space 5120K, 0% used [0x00000000fee00000,0x00000000fee00000,0x00000000ff300000)
 ParOldGen       total 52736K, used 6202K [0x00000000f0000000, 0x00000000f3380000, 0x00000000fab00000)
  object space 52736K, 11% used [0x00000000f0000000,0x00000000f060e908,0x00000000f3380000)
 Metaspace       used 28381K, capacity 28613K, committed 29056K, reserved 1075200K
  class space    used 3310K, capacity 3378K, committed 3456K, reserved 1048576K
GC Heap History (8 events):
Event: 1.056 GC heap before
{Heap before GC invocations=1 (full 0):
 PSYoungGen      total 36864K, used 31744K [0x00000000fab00000, 0x00000000fd400000, 0x0000000100000000)
  eden space 31744K, 100% used [0x00000000fab00000,0x00000000fca00000,0x00000000fca00000)
  from space 5120K, 0% used [0x00000000fcf00000,0x00000000fcf00000,0x00000000fd400000)
  to   space 5120K, 0% used [0x00000000fca00000,0x00000000fca00000,0x00000000fcf00000)
 ParOldGen       total 84992K, used 0K [0x00000000f0000000, 0x00000000f5300000, 0x00000000fab00000)
  object space 84992K, 0% used [0x00000000f0000000,0x00000000f0000000,0x00000000f5300000)
 Metaspace       used 16166K, capacity 16317K, committed 16640K, reserved 1064960K
  class space    used 1655K, capacity 1727K, committed 1792K, reserved 1048576K
Event: 1.065 GC heap after
Heap after GC invocations=1 (full 0):
 PSYoungGen      total 36864K, used 5112K [0x00000000fab00000, 0x00000000fd400000, 0x0000000100000000)
  eden space 31744K, 0% used [0x00000000fab00000,0x00000000fab00000,0x00000000fca00000)
  from space 5120K, 99% used [0x00000000fca00000,0x00000000fcefe150,0x00000000fcf00000)
  to   space 5120K, 0% used [0x00000000fcf00000,0x00000000fcf00000,0x00000000fd400000)
 ParOldGen       total 84992K, used 2279K [0x00000000f0000000, 0x00000000f5300000, 0x00000000fab00000)
  object space 84992K, 2% used [0x00000000f0000000,0x00000000f0239c80,0x00000000f5300000)
 Metaspace       used 16166K, capacity 16317K, committed 16640K, reserved 1064960K
  class space    used 1655K, capacity 1727K, committed 1792K, reserved 1048576K
}
Event: 1.590 GC heap before
{Heap before GC invocations=2 (full 0):
 PSYoungGen      total 36864K, used 36856K [0x00000000fab00000, 0x00000000fd400000, 0x0000000100000000)
  eden space 31744K, 100% used [0x00000000fab00000,0x00000000fca00000,0x00000000fca00000)
  from space 5120K, 99% used [0x00000000fca00000,0x00000000fcefe150,0x00000000fcf00000)
  to   space 5120K, 0% used [0x00000000fcf00000,0x00000000fcf00000,0x00000000fd400000)
 ParOldGen       total 84992K, used 2279K [0x00000000f0000000, 0x00000000f5300000, 0x00000000fab00000)
  object space 84992K, 2% used [0x00000000f0000000,0x00000000f0239c80,0x00000000f5300000)
 Metaspace       used 20143K, capacity 20373K, committed 20608K, reserved 1067008K
  class space    used 2236K, capacity 2310K, committed 2432K, reserved 1048576K
Event: 1.599 GC heap after
Heap after GC invocations=2 (full 0):
 PSYoungGen      total 36864K, used 5089K [0x00000000fab00000, 0x00000000ff300000, 0x0000000100000000)
  eden space 31744K, 0% used [0x00000000fab00000,0x00000000fab00000,0x00000000fca00000)
  from space 5120K, 99% used [0x00000000fcf00000,0x00000000fd3f8750,0x00000000fd400000)
  to   space 5120K, 0% used [0x00000000fca00000,0x00000000fca00000,0x00000000fcf00000)
 ParOldGen       total 84992K, used 3944K [0x00000000f0000000, 0x00000000f5300000, 0x00000000fab00000)
  object space 84992K, 4% used [0x00000000f0000000,0x00000000f03da278,0x00000000f5300000)
 Metaspace       used 20143K, capacity 20373K, committed 20608K, reserved 1067008K
  class space    used 2236K, capacity 2310K, committed 2432K, reserved 1048576K
}
Event: 1.669 GC heap before
{Heap before GC invocations=3 (full 0):
 PSYoungGen      total 36864K, used 8005K [0x00000000fab00000, 0x00000000ff300000, 0x0000000100000000)
  eden space 31744K, 9% used [0x00000000fab00000,0x00000000fadd9030,0x00000000fca00000)
  from space 5120K, 99% used [0x00000000fcf00000,0x00000000fd3f8750,0x00000000fd400000)
  to   space 5120K, 0% used [0x00000000fca00000,0x00000000fca00000,0x00000000fcf00000)
 ParOldGen       total 84992K, used 3944K [0x00000000f0000000, 0x00000000f5300000, 0x00000000fab00000)
  object space 84992K, 4% used [0x00000000f0000000,0x00000000f03da278,0x00000000f5300000)
 Metaspace       used 20892K, capacity 21021K, committed 21248K, reserved 1069056K
  class space    used 2377K, capacity 2438K, committed 2560K, reserved 1048576K
Event: 1.681 GC heap after
Heap after GC invocations=3 (full 0):
 PSYoungGen      total 36864K, used 5089K [0x00000000fab00000, 0x00000000ff300000, 0x0000000100000000)
  eden space 31744K, 0% used [0x00000000fab00000,0x00000000fab00000,0x00000000fca00000)
  from space 5120K, 99% used [0x00000000fca00000,0x00000000fcef8750,0x00000000fcf00000)
  to   space 5120K, 0% used [0x00000000fee00000,0x00000000fee00000,0x00000000ff300000)
 ParOldGen       total 84992K, used 4247K [0x00000000f0000000, 0x00000000f5300000, 0x00000000fab00000)
  object space 84992K, 4% used [0x00000000f0000000,0x00000000f0425c60,0x00000000f5300000)
 Metaspace       used 20892K, capacity 21021K, committed 21248K, reserved 1069056K
  class space    used 2377K, capacity 2438K, committed 2560K, reserved 1048576K
}
Event: 1.681 GC heap before
{Heap before GC invocations=4 (full 1):
 PSYoungGen      total 36864K, used 5089K [0x00000000fab00000, 0x00000000ff300000, 0x0000000100000000)
  eden space 31744K, 0% used [0x00000000fab00000,0x00000000fab00000,0x00000000fca00000)
  from space 5120K, 99% used [0x00000000fca00000,0x00000000fcef8750,0x00000000fcf00000)
  to   space 5120K, 0% used [0x00000000fee00000,0x00000000fee00000,0x00000000ff300000)
 ParOldGen       total 84992K, used 4247K [0x00000000f0000000, 0x00000000f5300000, 0x00000000fab00000)
  object space 84992K, 4% used [0x00000000f0000000,0x00000000f0425c60,0x00000000f5300000)
 Metaspace       used 20892K, capacity 21021K, committed 21248K, reserved 1069056K
  class space    used 2377K, capacity 2438K, committed 2560K, reserved 1048576K
Event: 1.735 GC heap after
Heap after GC invocations=4 (full 1):
 PSYoungGen      total 36864K, used 0K [0x00000000fab00000, 0x00000000ff300000, 0x0000000100000000)
  eden space 31744K, 0% used [0x00000000fab00000,0x00000000fab00000,0x00000000fca00000)
  from space 5120K, 0% used [0x00000000fca00000,0x00000000fca00000,0x00000000fcf00000)
  to   space 5120K, 0% used [0x00000000fee00000,0x00000000fee00000,0x00000000ff300000)
 ParOldGen       total 52736K, used 6202K [0x00000000f0000000, 0x00000000f3380000, 0x00000000fab00000)
  object space 52736K, 11% used [0x00000000f0000000,0x00000000f060e908,0x00000000f3380000)
 Metaspace       used 20892K, capacity 21021K, committed 21248K, reserved 1069056K
  class space    used 2377K, capacity 2438K, committed 2560K, reserved 1048576K
}

