# JRE version: OpenJDK Runtime Environment (8.0_131-b11) (build 1.8.0_131-8u131-b11-2ubuntu1.16.04.3-b11)
# Java VM: OpenJDK 64-Bit Server VM (25.131-b11 mixed mode linux-amd64 compressed oops)
Heap:
 PSYoungGen      total 36864K, used 27312K [0x00000000fab00000, 0x00000000ff300000, 0x0000000100000000)
  eden space 31744K, 86% used [0x00000000fab00000,0x00000000fc5ac0f0,0x00000000fca00000)
  from space 5120K, 0% used [0x00000000fca00000,0x00000000fca00000,0x00000000fcf00000)
  to   space 5120K, 0% used [0x00000000fee00000,0x00000000fee00000,0x00000000ff300000)
 ParOldGen       total 60416K, used 6241K [0x00000000f0000000, 0x00000000f3b00000, 0x00000000fab00000)
  object space 60416K, 10% used [0x00000000f0000000,0x00000000f0618630,0x00000000f3b00000)
 Metaspace       used 28455K, capacity 28725K, committed 29056K, reserved 1075200K
  class space    used 3312K, capacity 3386K, committed 3456K, reserved 1048576K
GC Heap History (8 events):
Event: 1.182 GC heap before
{Heap before GC invocations=1 (full 0):
 PSYoungGen      total 36864K, used 31744K [0x00000000fab00000, 0x00000000fd400000, 0x0000000100000000)
  eden space 31744K, 100% used [0x00000000fab00000,0x00000000fca00000,0x00000000fca00000)
  from space 5120K, 0% used [0x00000000fcf00000,0x00000000fcf00000,0x00000000fd400000)
  to   space 5120K, 0% used [0x00000000fca00000,0x00000000fca00000,0x00000000fcf00000)
 ParOldGen       total 84992K, used 0K [0x00000000f0000000, 0x00000000f5300000, 0x00000000fab00000)
  object space 84992K, 0% used [0x00000000f0000000,0x00000000f0000000,0x00000000f5300000)
 Metaspace       used 16217K, capacity 16381K, committed 16640K, reserved 1064960K
  class space    used 1656K, capacity 1727K, committed 1792K, reserved 1048576K
Event: 1.191 GC heap after
Heap after GC invocations=1 (full 0):
 PSYoungGen      total 36864K, used 5092K [0x00000000fab00000, 0x00000000fd400000, 0x0000000100000000)
  eden space 31744K, 0% used [0x00000000fab00000,0x00000000fab00000,0x00000000fca00000)
  from space 5120K, 99% used [0x00000000fca00000,0x00000000fcef9110,0x00000000fcf00000)
  to   space 5120K, 0% used [0x00000000fcf00000,0x00000000fcf00000,0x00000000fd400000)
 ParOldGen       total 84992K, used 2259K [0x00000000f0000000, 0x00000000f5300000, 0x00000000fab00000)
  object space 84992K, 2% used [0x00000000f0000000,0x00000000f0234d58,0x00000000f5300000)
 Metaspace       used 16217K, capacity 16381K, committed 16640K, reserved 1064960K
  class space    used 1656K, capacity 1727K, committed 1792K, reserved 1048576K
}
Event: 1.645 GC heap before
{Heap before GC invocations=2 (full 0):
 PSYoungGen      total 36864K, used 36836K [0x00000000fab00000, 0x00000000fd400000, 0x0000000100000000)
  eden space 31744K, 100% used [0x00000000fab00000,0x00000000fca00000,0x00000000fca00000)
  from space 5120K, 99% used [0x00000000fca00000,0x00000000fcef9110,0x00000000fcf00000)
  to   space 5120K, 0% used [0x00000000fcf00000,0x00000000fcf00000,0x00000000fd400000)
 ParOldGen       total 84992K, used 2259K [0x00000000f0000000, 0x00000000f5300000, 0x00000000fab00000)
  object space 84992K, 2% used [0x00000000f0000000,0x00000000f0234d58,0x00000000f5300000)
 Metaspace       used 18649K, capacity 18805K, committed 19072K, reserved 1067008K
  class space    used 2020K, capacity 2086K, committed 2176K, reserved 1048576K
Event: 1.654 GC heap after
Heap after GC invocations=2 (full 0):
 PSYoungGen      total 36864K, used 5104K [0x00000000fab00000, 0x00000000ff300000, 0x0000000100000000)
  eden space 31744K, 0% used [0x00000000fab00000,0x00000000fab00000,0x00000000fca00000)
  from space 5120K, 99% used [0x00000000fcf00000,0x00000000fd3fc020,0x00000000fd400000)
  to   space 5120K, 0% used [0x00000000fca00000,0x00000000fca00000,0x00000000fcf00000)
 ParOldGen       total 84992K, used 3381K [0x00000000f0000000, 0x00000000f5300000, 0x00000000fab00000)
  object space 84992K, 3% used [0x00000000f0000000,0x00000000f034d718,0x00000000f5300000)
 Metaspace       used 18649K, capacity 18805K, committed 19072K, reserved 1067008K
  class space    used 2020K, capacity 2086K, committed 2176K, reserved 1048576K
}
Event: 1.802 GC heap before
{Heap before GC invocations=3 (full 0):
 PSYoungGen      total 36864K, used 9256K [0x00000000fab00000, 0x00000000ff300000, 0x0000000100000000)
  eden space 31744K, 13% used [0x00000000fab00000,0x00000000faf0e028,0x00000000fca00000)
  from space 5120K, 99% used [0x00000000fcf00000,0x00000000fd3fc020,0x00000000fd400000)
  to   space 5120K, 0% used [0x00000000fca00000,0x00000000fca00000,0x00000000fcf00000)
 ParOldGen       total 84992K, used 3381K [0x00000000f0000000, 0x00000000f5300000, 0x00000000fab00000)
  object space 84992K, 3% used [0x00000000f0000000,0x00000000f034d718,0x00000000f5300000)
 Metaspace       used 20896K, capacity 21021K, committed 21248K, reserved 1069056K
  class space    used 2375K, capacity 2438K, committed 2560K, reserved 1048576K
Event: 1.811 GC heap after
Heap after GC invocations=3 (full 0):
 PSYoungGen      total 36864K, used 5105K [0x00000000fab00000, 0x00000000ff300000, 0x0000000100000000)
  eden space 31744K, 0% used [0x00000000fab00000,0x00000000fab00000,0x00000000fca00000)
  from space 5120K, 99% used [0x00000000fca00000,0x00000000fcefc760,0x00000000fcf00000)
  to   space 5120K, 0% used [0x00000000fee00000,0x00000000fee00000,0x00000000ff300000)
 ParOldGen       total 84992K, used 4219K [0x00000000f0000000, 0x00000000f5300000, 0x00000000fab00000)
  object space 84992K, 4% used [0x00000000f0000000,0x00000000f041ec10,0x00000000f5300000)
 Metaspace       used 20896K, capacity 21021K, committed 21248K, reserved 1069056K
  class space    used 2375K, capacity 2438K, committed 2560K, reserved 1048576K
}
Event: 1.811 GC heap before
{Heap before GC invocations=4 (full 1):
 PSYoungGen      total 36864K, used 5105K [0x00000000fab00000, 0x00000000ff300000, 0x0000000100000000)
  eden space 31744K, 0% used [0x00000000fab00000,0x00000000fab00000,0x00000000fca00000)
  from space 5120K, 99% used [0x00000000fca00000,0x00000000fcefc760,0x00000000fcf00000)
  to   space 5120K, 0% used [0x00000000fee00000,0x00000000fee00000,0x00000000ff300000)
 ParOldGen       total 84992K, used 4219K [0x00000000f0000000, 0x00000000f5300000, 0x00000000fab00000)
  object space 84992K, 4% used [0x00000000f0000000,0x00000000f041ec10,0x00000000f5300000)
 Metaspace       used 20896K, capacity 21021K, committed 21248K, reserved 1069056K
  class space    used 2375K, capacity 2438K, committed 2560K, reserved 1048576K
Event: 1.885 GC heap after
Heap after GC invocations=4 (full 1):
 PSYoungGen      total 36864K, used 0K [0x00000000fab00000, 0x00000000ff300000, 0x0000000100000000)
  eden space 31744K, 0% used [0x00000000fab00000,0x00000000fab00000,0x00000000fca00000)
  from space 5120K, 0% used [0x00000000fca00000,0x00000000fca00000,0x00000000fcf00000)
  to   space 5120K, 0% used [0x00000000fee00000,0x00000000fee00000,0x00000000ff300000)
 ParOldGen       total 60416K, used 6241K [0x00000000f0000000, 0x00000000f3b00000, 0x00000000fab00000)
  object space 60416K, 10% used [0x00000000f0000000,0x00000000f0618630,0x00000000f3b00000)
 Metaspace       used 20896K, capacity 21021K, committed 21248K, reserved 1069056K
  class space    used 2375K, capacity 2438K, committed 2560K, reserved 1048576K
}

