# JRE version: OpenJDK Runtime Environment (8.0_131-b11) (build 1.8.0_131-8u131-b11-2ubuntu1.16.04.3-b11)
# Java VM: OpenJDK 64-Bit Server VM (25.131-b11 mixed mode linux-amd64 compressed oops)
Heap:
 PSYoungGen      total 36864K, used 22856K [0x00000000fab00000, 0x00000000ff300000, 0x0000000100000000)
  eden space 31744K, 72% used [0x00000000fab00000,0x00000000fc152330,0x00000000fca00000)
  from space 5120K, 0% used [0x00000000fca00000,0x00000000fca00000,0x00000000fcf00000)
  to   space 5120K, 0% used [0x00000000fee00000,0x00000000fee00000,0x00000000ff300000)
 ParOldGen       total 49664K, used 6107K [0x00000000f0000000, 0x00000000f3080000, 0x00000000fab00000)
  object space 49664K, 12% used [0x00000000f0000000,0x00000000f05f6d70,0x00000000f3080000)
 Metaspace       used 28236K, capacity 28471K, committed 28800K, reserved 1075200K
  class space    used 3297K, capacity 3377K, committed 3456K, reserved 1048576K
GC Heap History (8 events):
Event: 1.051 GC heap before
{Heap before GC invocations=1 (full 0):
 PSYoungGen      total 36864K, used 31744K [0x00000000fab00000, 0x00000000fd400000, 0x0000000100000000)
  eden space 31744K, 100% used [0x00000000fab00000,0x00000000fca00000,0x00000000fca00000)
  from space 5120K, 0% used [0x00000000fcf00000,0x00000000fcf00000,0x00000000fd400000)
  to   space 5120K, 0% used [0x00000000fca00000,0x00000000fca00000,0x00000000fcf00000)
 ParOldGen       total 84992K, used 0K [0x00000000f0000000, 0x00000000f5300000, 0x00000000fab00000)
  object space 84992K, 0% used [0x00000000f0000000,0x00000000f0000000,0x00000000f5300000)
 Metaspace       used 16183K, capacity 16317K, committed 16640K, reserved 1064960K
  class space    used 1655K, capacity 1727K, committed 1792K, reserved 1048576K
Event: 1.060 GC heap after
Heap after GC invocations=1 (full 0):
 PSYoungGen      total 36864K, used 5112K [0x00000000fab00000, 0x00000000fd400000, 0x0000000100000000)
  eden space 31744K, 0% used [0x00000000fab00000,0x00000000fab00000,0x00000000fca00000)
  from space 5120K, 99% used [0x00000000fca00000,0x00000000fcefe150,0x00000000fcf00000)
  to   space 5120K, 0% used [0x00000000fcf00000,0x00000000fcf00000,0x00000000fd400000)
 ParOldGen       total 84992K, used 2281K [0x00000000f0000000, 0x00000000f5300000, 0x00000000fab00000)
  object space 84992K, 2% used [0x00000000f0000000,0x00000000f023a7a0,0x00000000f5300000)
 Metaspace       used 16183K, capacity 16317K, committed 16640K, reserved 1064960K
  class space    used 1655K, capacity 1727K, committed 1792K, reserved 1048576K
}
Event: 1.593 GC heap before
{Heap before GC invocations=2 (full 0):
 PSYoungGen      total 36864K, used 36856K [0x00000000fab00000, 0x00000000fd400000, 0x0000000100000000)
  eden space 31744K, 100% used [0x00000000fab00000,0x00000000fca00000,0x00000000fca00000)
  from space 5120K, 99% used [0x00000000fca00000,0x00000000fcefe150,0x00000000fcf00000)
  to   space 5120K, 0% used [0x00000000fcf00000,0x00000000fcf00000,0x00000000fd400000)
 ParOldGen       total 84992K, used 2281K [0x00000000f0000000, 0x00000000f5300000, 0x00000000fab00000)
  object space 84992K, 2% used [0x00000000f0000000,0x00000000f023a7a0,0x00000000f5300000)
 Metaspace       used 20414K, capacity 20629K, committed 20864K, reserved 1067008K
  class space    used 2306K, capacity 2374K, committed 2432K, reserved 1048576K
Event: 1.603 GC heap after
Heap after GC invocations=2 (full 0):
 PSYoungGen      total 36864K, used 5104K [0x00000000fab00000, 0x00000000ff300000, 0x0000000100000000)
  eden space 31744K, 0% used [0x00000000fab00000,0x00000000fab00000,0x00000000fca00000)
  from space 5120K, 99% used [0x00000000fcf00000,0x00000000fd3fc020,0x00000000fd400000)
  to   space 5120K, 0% used [0x00000000fca00000,0x00000000fca00000,0x00000000fcf00000)
 ParOldGen       total 84992K, used 4090K [0x00000000f0000000, 0x00000000f5300000, 0x00000000fab00000)
  object space 84992K, 4% used [0x00000000f0000000,0x00000000f03fe898,0x00000000f5300000)
 Metaspace       used 20414K, capacity 20629K, committed 20864K, reserved 1067008K
  class space    used 2306K, capacity 2374K, committed 2432K, reserved 1048576K
}
Event: 1.646 GC heap before
{Heap before GC invocations=3 (full 0):
 PSYoungGen      total 36864K, used 6690K [0x00000000fab00000, 0x00000000ff300000, 0x0000000100000000)
  eden space 31744K, 4% used [0x00000000fab00000,0x00000000fac8cad8,0x00000000fca00000)
  from space 5120K, 99% used [0x00000000fcf00000,0x00000000fd3fc020,0x00000000fd400000)
  to   space 5120K, 0% used [0x00000000fca00000,0x00000000fca00000,0x00000000fcf00000)
 ParOldGen       total 84992K, used 4090K [0x00000000f0000000, 0x00000000f5300000, 0x00000000fab00000)
  object space 84992K, 4% used [0x00000000f0000000,0x00000000f03fe898,0x00000000f5300000)
 Metaspace       used 20890K, capacity 21013K, committed 21248K, reserved 1069056K
  class space    used 2376K, capacity 2438K, committed 2560K, reserved 1048576K
Event: 1.657 GC heap after
Heap after GC invocations=3 (full 0):
 PSYoungGen      total 36864K, used 5105K [0x00000000fab00000, 0x00000000ff300000, 0x0000000100000000)
  eden space 31744K, 0% used [0x00000000fab00000,0x00000000fab00000,0x00000000fca00000)
  from space 5120K, 99% used [0x00000000fca00000,0x00000000fcefc760,0x00000000fcf00000)
  to   space 5120K, 0% used [0x00000000fee00000,0x00000000fee00000,0x00000000ff300000)
 ParOldGen       total 84992K, used 4227K [0x00000000f0000000, 0x00000000f5300000, 0x00000000fab00000)
  object space 84992K, 4% used [0x00000000f0000000,0x00000000f0420ef8,0x00000000f5300000)
 Metaspace       used 20890K, capacity 21013K, committed 21248K, reserved 1069056K
  class space    used 2376K, capacity 2438K, committed 2560K, reserved 1048576K
}
Event: 1.657 GC heap before
{Heap before GC invocations=4 (full 1):
 PSYoungGen      total 36864K, used 5105K [0x00000000fab00000, 0x00000000ff300000, 0x0000000100000000)
  eden space 31744K, 0% used [0x00000000fab00000,0x00000000fab00000,0x00000000fca00000)
  from space 5120K, 99% used [0x00000000fca00000,0x00000000fcefc760,0x00000000fcf00000)
  to   space 5120K, 0% used [0x00000000fee00000,0x00000000fee00000,0x00000000ff300000)
 ParOldGen       total 84992K, used 4227K [0x00000000f0000000, 0x00000000f5300000, 0x00000000fab00000)
  object space 84992K, 4% used [0x00000000f0000000,0x00000000f0420ef8,0x00000000f5300000)
 Metaspace       used 20890K, capacity 21013K, committed 21248K, reserved 1069056K
  class space    used 2376K, capacity 2438K, committed 2560K, reserved 1048576K
Event: 1.701 GC heap after
Heap after GC invocations=4 (full 1):
 PSYoungGen      total 36864K, used 0K [0x00000000fab00000, 0x00000000ff300000, 0x0000000100000000)
  eden space 31744K, 0% used [0x00000000fab00000,0x00000000fab00000,0x00000000fca00000)
  from space 5120K, 0% used [0x00000000fca00000,0x00000000fca00000,0x00000000fcf00000)
  to   space 5120K, 0% used [0x00000000fee00000,0x00000000fee00000,0x00000000ff300000)
 ParOldGen       total 49664K, used 6107K [0x00000000f0000000, 0x00000000f3080000, 0x00000000fab00000)
  object space 49664K, 12% used [0x00000000f0000000,0x00000000f05f6d70,0x00000000f3080000)
 Metaspace       used 20890K, capacity 21013K, committed 21248K, reserved 1069056K
  class space    used 2376K, capacity 2438K, committed 2560K, reserved 1048576K
}

